[2025-05-06 17:06:56] Firepanel controller started
[2025-05-06 17:06:56] [MAIN] socket_thread started
[2025-05-06 17:06:56] [SOCKET] Listening on /home/Dale/firepanel/RasPi/firepanel.sock
[2025-05-06 17:07:13] [SOCKET] Received command: thermal_trigger:0
[2025-05-06 17:07:13] [SOCKET] Thermal trigger on channel 0
[2025-05-06 17:07:16] [DEBUG] Cleared expired thermal flags
[2025-05-06 17:07:30] [ERROR] Serial read failed: device reports readiness to read but returned no data (device disconnected or multiple access on port?)
[2025-05-06 17:07:50] Received heartbeat
[2025-05-06 17:07:50] SENT: <{"type": "get_data"}>
[2025-05-06 17:07:50] [ERROR] Failed to parse frame: {"type":"data","data":{"avgTemp":30.0125,"alert":false,"breakGlass":false,"systemMode":1,"systemModeStr":"TEST","channels":[{"cameraTriggered":false,"lastTriggerTime":0,"thermalTriggered":false,"thermalLastTrigger":0,"cableConnected":true},{"cameraTriggered":false,"lastTriggerTime":966850,"thermalTriggered":false,"thermalLastTrigger":0,"cableConnected":true},{"cameraTriggered":false,"lastTriggerTime":0,"thermalTriggered":false,"thermalLastTrigger":0,"cableConnected":true},{"cameraTriggered":false,"lastTriggerTime":0,"thermalTriggered":false,"thermalLastTrigger":0,"cableConnected":true},{"cameraTriggered":false,"lastTriggerTime":0,"thermalTriggered":false,"thermalLastTrigger":0,"cableConnected":false},{"cameraTriggered":false,"lastTriggerTime":0,"thermalTriggered":false"thermalLastTrigger":0,"cableConnected":false},{"cameraTriggered":false,"lastTriggerTime":0,"thermalTriggered":false,"thermalLastTrigger":0,"cableConnected":false},{"cameraTriggered":false,"lastTriggerTime":0,"thermalTriggered":false,"thermalLastTrigger":0,"cableConnected":false}]}}
[2025-05-06 17:07:50] [ALERT] TEMP_ALERT received: {"type": "alert", "alertType": "temp_alert", "data": {"avgTemp": 5.886891e-31}}
[2025-05-06 17:08:10] [ERROR] Serial read failed: device reports readiness to read but returned no data (device disconnected or multiple access on port?)
[2025-05-06 17:08:20] [ERROR] Serial read failed: device reports readiness to read but returned no data (device disconnected or multiple access on port?)
[2025-05-06 17:08:40] [ERROR] Serial read failed: device reports readiness to read but returned no data (device disconnected or multiple access on port?)
[2025-05-06 17:10:10] [ERROR] Serial read failed: device reports readiness to read but returned no data (device disconnected or multiple access on port?)
[2025-05-06 17:10:20] Received heartbeat
[2025-05-06 17:10:20] SENT: <{"type": "get_data"}>
[2025-05-06 17:10:20] [ERROR] Serial read failed: device reports readiness to read but returned no data (device disconnected or multiple access on port?)
[2025-05-06 17:10:30] [ERROR] Failed to parse frame: "type":"heartbeat","payload":"alive"}
[2025-05-06 17:10:50] [ERROR] Serial read failed: device reports readiness to read but returned no data (device disconnected or multiple access on port?)
[2025-05-06 17:11:10] Received heartbeat
[2025-05-06 17:11:10] SENT: <{"type": "get_data"}>
[2025-05-06 17:11:10] [ALERT] TEMP_ALERT received: {"type": "alert", "alertType": "temp_alert", "data": {"avgTemp": 1.035633e-17}}
[2025-05-06 17:11:59] Firepanel controller started
[2025-05-06 17:11:59] [MAIN] socket_thread started
[2025-05-06 17:11:59] [SOCKET] Listening on /home/Dale/firepanel/RasPi/firepanel.sock
[2025-05-06 17:12:05] Received heartbeat
[2025-05-06 17:12:05] SENT: <{"type": "get_data"}>
[2025-05-06 17:12:05] [ALERT] TEMP_ALERT received: {"type": "alert", "alertType": "temp_alert", "data": {"avgTemp": 4.045441e-20}}
[2025-05-06 17:12:15] Received heartbeat
[2025-05-06 17:12:15] SENT: <{"type": "get_data"}>
[2025-05-06 17:12:15] [ALERT] TEMP_ALERT received: {"type": "alert", "alertType": "temp_alert", "data": {"avgTemp": 1.1e-05}}
[2025-05-06 17:12:25] Received heartbeat
[2025-05-06 17:12:25] SENT: <{"type": "get_data"}>
[2025-05-06 17:12:25] [ALERT] TEMP_ALERT received: {"type": "alert", "alertType": "temp_alert", "data": {"avgTemp": 3.679307e-32}}
[2025-05-06 17:12:50] Received heartbeat
[2025-05-06 17:12:50] SENT: <{"type": "get_data"}>
[2025-05-06 17:12:50] [ALERT] TEMP_ALERT received: {"type": "alert", "alertType": "temp_alert", "data": {"avgTemp": 2.589082e-18}}
[2025-05-06 17:12:51] [SOCKET] Received command: thermal_trigger:0
[2025-05-06 17:12:51] [SOCKET] Thermal trigger on channel 0
[2025-05-06 17:12:53] [DEBUG] Cleared expired thermal flags
