[DEBUG] system_data = {'stage': 'connected', 'mode': 'BOOTING', 'conn': [False, False, False, False, False, False, False, False], 'trig': [False, False, False, False, False, False, False, False], 'avgTemp': 29.4}
[DEBUG] Connected screen content: ['Mode: BOOTING  29.4C', 'CHAN 1 2 3 4 5 6 7 8', 'CONN \x01 \x01 \x01 \x01 \x01 \x01 \x01 \x01', 'TRIG \x01 \x01 \x01 \x01 \x01 \x01 \x01 \x01']
[DEBUG] system_data = {'stage': 'connected', 'mode': 'BOOTING', 'conn': [False, False, False, False, False, False, False, False], 'trig': [False, False, False, False, False, False, False, False], 'avgTemp': 29.4}
[DEBUG] Connected screen content: ['Mode: BOOTING  29.4C', 'CHAN 1 2 3 4 5 6 7 8', 'CONN \x01 \x01 \x01 \x01 \x01 \x01 \x01 \x01', 'TRIG \x01 \x01 \x01 \x01 \x01 \x01 \x01 \x01']
[DEBUG] system_data = {'stage': 'connected', 'mode': 'BOOTING', 'conn': [False, False, False, False, False, False, False, False], 'trig': [False, False, False, False, False, False, False, False], 'avgTemp': 29.4}
[DEBUG] Connected screen content: ['Mode: BOOTING  29.4C', 'CHAN 1 2 3 4 5 6 7 8', 'CONN \x01 \x01 \x01 \x01 \x01 \x01 \x01 \x01', 'TRIG \x01 \x01 \x01 \x01 \x01 \x01 \x01 \x01']
[DEBUG] system_data = {'stage': 'connected', 'mode': 'TEST', 'conn': [True, True, True, True, False, False, False, False], 'trig': [False, False, False, False, False, False, False, False], 'avgTemp': 29.725}
[DEBUG] Connected screen content: ['Mode: TEST     29.7C', 'CHAN 1 2 3 4 5 6 7 8', 'CONN \x00 \x00 \x00 \x00 \x01 \x01 \x01 \x01', 'TRIG \x01 \x01 \x01 \x01 \x01 \x01 \x01 \x01']
[DEBUG] system_data = {'stage': 'connected', 'mode': 'TEST', 'conn': [True, True, True, True, False, False, False, False], 'trig': [False, False, False, False, False, False, False, False], 'avgTemp': 29.725}
[DEBUG] Connected screen content: ['Mode: TEST     29.7C', 'CHAN 1 2 3 4 5 6 7 8', 'CONN \x00 \x00 \x00 \x00 \x01 \x01 \x01 \x01', 'TRIG \x01 \x01 \x01 \x01 \x01 \x01 \x01 \x01']
[DEBUG] system_data = {'stage': 'connected', 'mode': 'TEST', 'conn': [True, True, True, True, False, False, False, False], 'trig': [False, False, False, False, False, False, False, False], 'avgTemp': 29.725}
[DEBUG] Connected screen content: ['Mode: TEST     29.7C', 'CHAN 1 2 3 4 5 6 7 8', 'CONN \x00 \x00 \x00 \x00 \x01 \x01 \x01 \x01', 'TRIG \x01 \x01 \x01 \x01 \x01 \x01 \x01 \x01']
[DEBUG] system_data = {'stage': 'connected', 'mode': 'TEST', 'conn': [True, True, True, True, False, False, False, False], 'trig': [False, False, False, False, False, False, False, False], 'avgTemp': 29.725}
[DEBUG] Connected screen content: ['Mode: TEST     29.7C', 'CHAN 1 2 3 4 5 6 7 8', 'CONN \x00 \x00 \x00 \x00 \x01 \x01 \x01 \x01', 'TRIG \x01 \x01 \x01 \x01 \x01 \x01 \x01 \x01']
[DEBUG] system_data = {'stage': 'connected', 'mode': 'TEST', 'conn': [True, True, True, True, False, False, False, False], 'trig': [False, False, False, False, False, False, False, False], 'avgTemp': 29.725}
[DEBUG] Connected screen content: ['Mode: TEST     29.7C', 'CHAN 1 2 3 4 5 6 7 8', 'CONN \x00 \x00 \x00 \x00 \x01 \x01 \x01 \x01', 'TRIG \x01 \x01 \x01 \x01 \x01 \x01 \x01 \x01']
[DEBUG] system_data = {'stage': 'connected', 'mode': 'TEST', 'conn': [True, True, True, True, False, False, False, False], 'trig': [False, False, False, False, False, False, False, False], 'avgTemp': 29.725}
[DEBUG] Connected screen content: ['Mode: TEST     29.7C', 'CHAN 1 2 3 4 5 6 7 8', 'CONN \x00 \x00 \x00 \x00 \x01 \x01 \x01 \x01', 'TRIG \x01 \x01 \x01 \x01 \x01 \x01 \x01 \x01']
[DEBUG] system_data = {'stage': 'connected', 'mode': 'TEST', 'conn': [True, True, True, True, False, False, False, False], 'trig': [False, False, False, False, False, False, False, False], 'avgTemp': 29.725}
[DEBUG] Connected screen content: ['Mode: TEST     29.7C', 'CHAN 1 2 3 4 5 6 7 8', 'CONN \x00 \x00 \x00 \x00 \x01 \x01 \x01 \x01', 'TRIG \x01 \x01 \x01 \x01 \x01 \x01 \x01 \x01']
[DEBUG] system_data = {'stage': 'connected', 'mode': 'TEST', 'conn': [True, True, True, True, False, False, False, False], 'trig': [False, False, False, False, False, False, False, False], 'avgTemp': 29.725}
[DEBUG] Connected screen content: ['Mode: TEST     29.7C', 'CHAN 1 2 3 4 5 6 7 8', 'CONN \x00 \x00 \x00 \x00 \x01 \x01 \x01 \x01', 'TRIG \x01 \x01 \x01 \x01 \x01 \x01 \x01 \x01']
[DEBUG] system_data = {'stage': 'connected', 'mode': 'TEST', 'conn': [True, True, True, True, False, False, False, False], 'trig': [False, False, False, False, False, False, False, False], 'avgTemp': 29.725}
[DEBUG] Connected screen content: ['Mode: TEST     29.7C', 'CHAN 1 2 3 4 5 6 7 8', 'CONN \x00 \x00 \x00 \x00 \x01 \x01 \x01 \x01', 'TRIG \x01 \x01 \x01 \x01 \x01 \x01 \x01 \x01']
[DEBUG] system_data = {'stage': 'connected', 'mode': 'TEST', 'conn': [True, True, True, True, False, False, False, False], 'trig': [False, False, False, False, False, False, False, False], 'avgTemp': 29.725}
[DEBUG] Connected screen content: ['Mode: TEST     29.7C', 'CHAN 1 2 3 4 5 6 7 8', 'CONN \x00 \x00 \x00 \x00 \x01 \x01 \x01 \x01', 'TRIG \x01 \x01 \x01 \x01 \x01 \x01 \x01 \x01']
[DEBUG] system_data = {'stage': 'connected', 'mode': 'TEST', 'conn': [True, True, True, True, False, False, False, False], 'trig': [False, False, False, False, False, False, False, False], 'avgTemp': 29.725}
[DEBUG] Connected screen content: ['Mode: TEST     29.7C', 'CHAN 1 2 3 4 5 6 7 8', 'CONN \x00 \x00 \x00 \x00 \x01 \x01 \x01 \x01', 'TRIG \x01 \x01 \x01 \x01 \x01 \x01 \x01 \x01']
[DEBUG] system_data = {'stage': 'connected', 'mode': 'TEST', 'conn': [True, True, True, True, False, False, False, False], 'trig': [False, False, False, False, False, False, False, False], 'avgTemp': 29.725}
[DEBUG] Connected screen content: ['Mode: TEST     29.7C', 'CHAN 1 2 3 4 5 6 7 8', 'CONN \x00 \x00 \x00 \x00 \x01 \x01 \x01 \x01', 'TRIG \x01 \x01 \x01 \x01 \x01 \x01 \x01 \x01']
[DEBUG] system_data = {'stage': 'connected', 'mode': 'TEST', 'conn': [True, True, True, True, False, False, False, False], 'trig': [False, False, False, False, False, False, False, False], 'avgTemp': 29.725}
[DEBUG] Connected screen content: ['Mode: TEST     29.7C', 'CHAN 1 2 3 4 5 6 7 8', 'CONN \x00 \x00 \x00 \x00 \x01 \x01 \x01 \x01', 'TRIG \x01 \x01 \x01 \x01 \x01 \x01 \x01 \x01']
[DEBUG] system_data = {'stage': 'connected', 'mode': 'TEST', 'conn': [True, True, True, True, False, False, False, False], 'trig': [False, False, False, False, False, False, False, False], 'avgTemp': 29.725}
[DEBUG] Connected screen content: ['Mode: TEST     29.7C', 'CHAN 1 2 3 4 5 6 7 8', 'CONN \x00 \x00 \x00 \x00 \x01 \x01 \x01 \x01', 'TRIG \x01 \x01 \x01 \x01 \x01 \x01 \x01 \x01']
[DEBUG] system_data = {'stage': 'connected', 'mode': 'TEST', 'conn': [True, True, True, True, False, False, False, False], 'trig': [False, False, False, False, False, False, False, False], 'avgTemp': 29.725}
[DEBUG] Connected screen content: ['Mode: TEST     29.7C', 'CHAN 1 2 3 4 5 6 7 8', 'CONN \x00 \x00 \x00 \x00 \x01 \x01 \x01 \x01', 'TRIG \x01 \x01 \x01 \x01 \x01 \x01 \x01 \x01']
[DEBUG] system_data = {'stage': 'connected', 'mode': 'TEST', 'conn': [True, True, True, True, False, False, False, False], 'trig': [False, False, False, False, False, False, False, False], 'avgTemp': 29.725}
[DEBUG] Connected screen content: ['Mode: TEST     29.7C', 'CHAN 1 2 3 4 5 6 7 8', 'CONN \x00 \x00 \x00 \x00 \x01 \x01 \x01 \x01', 'TRIG \x01 \x01 \x01 \x01 \x01 \x01 \x01 \x01']
[DEBUG] system_data = {'stage': 'connected', 'mode': 'TEST', 'conn': [True, True, True, True, False, False, False, False], 'trig': [False, False, False, False, False, False, False, False], 'avgTemp': 29.725}
[DEBUG] Connected screen content: ['Mode: TEST     29.7C', 'CHAN 1 2 3 4 5 6 7 8', 'CONN \x00 \x00 \x00 \x00 \x01 \x01 \x01 \x01', 'TRIG \x01 \x01 \x01 \x01 \x01 \x01 \x01 \x01']
[DEBUG] system_data = {'stage': 'connected', 'mode': 'TEST', 'conn': [True, True, True, True, False, False, False, False], 'trig': [False, False, False, False, False, False, False, False], 'avgTemp': 29.725}
[DEBUG] Connected screen content: ['Mode: TEST     29.7C', 'CHAN 1 2 3 4 5 6 7 8', 'CONN \x00 \x00 \x00 \x00 \x01 \x01 \x01 \x01', 'TRIG \x01 \x01 \x01 \x01 \x01 \x01 \x01 \x01']
[DEBUG] system_data = {'stage': 'connected', 'mode': 'TEST', 'conn': [True, True, True, True, False, False, False, False], 'trig': [False, False, False, False, False, False, False, False], 'avgTemp': 29.725}
[DEBUG] Connected screen content: ['Mode: TEST     29.7C', 'CHAN 1 2 3 4 5 6 7 8', 'CONN \x00 \x00 \x00 \x00 \x01 \x01 \x01 \x01', 'TRIG \x01 \x01 \x01 \x01 \x01 \x01 \x01 \x01']
[DEBUG] system_data = {'stage': 'connected', 'mode': 'TEST', 'conn': [True, True, True, True, False, False, False, False], 'trig': [False, False, False, False, False, False, False, False], 'avgTemp': 29.725}
[DEBUG] Connected screen content: ['Mode: TEST     29.7C', 'CHAN 1 2 3 4 5 6 7 8', 'CONN \x00 \x00 \x00 \x00 \x01 \x01 \x01 \x01', 'TRIG \x01 \x01 \x01 \x01 \x01 \x01 \x01 \x01']
[DEBUG] system_data = {'stage': 'connected', 'mode': 'TEST', 'conn': [True, True, True, True, False, False, False, False], 'trig': [False, False, False, False, False, False, False, False], 'avgTemp': 29.725}
[DEBUG] Connected screen content: ['Mode: TEST     29.7C', 'CHAN 1 2 3 4 5 6 7 8', 'CONN \x00 \x00 \x00 \x00 \x01 \x01 \x01 \x01', 'TRIG \x01 \x01 \x01 \x01 \x01 \x01 \x01 \x01']
[DEBUG] system_data = {'stage': 'connected', 'mode': 'TEST', 'conn': [True, True, True, True, False, False, False, False], 'trig': [False, False, False, False, False, False, False, False], 'avgTemp': 29.725}
[DEBUG] Connected screen content: ['Mode: TEST     29.7C', 'CHAN 1 2 3 4 5 6 7 8', 'CONN \x00 \x00 \x00 \x00 \x01 \x01 \x01 \x01', 'TRIG \x01 \x01 \x01 \x01 \x01 \x01 \x01 \x01']
[DEBUG] system_data = {'stage': 'connected', 'mode': 'TEST', 'conn': [True, True, True, True, False, False, False, False], 'trig': [False, False, False, False, False, False, False, False], 'avgTemp': 29.725}
[DEBUG] Connected screen content: ['Mode: TEST     29.7C', 'CHAN 1 2 3 4 5 6 7 8', 'CONN \x00 \x00 \x00 \x00 \x01 \x01 \x01 \x01', 'TRIG \x01 \x01 \x01 \x01 \x01 \x01 \x01 \x01']
[DEBUG] system_data = {'stage': 'connected', 'mode': 'TEST', 'conn': [True, True, True, True, False, False, False, False], 'trig': [False, False, False, False, False, False, False, False], 'avgTemp': 29.725}
[DEBUG] Connected screen content: ['Mode: TEST     29.7C', 'CHAN 1 2 3 4 5 6 7 8', 'CONN \x00 \x00 \x00 \x00 \x01 \x01 \x01 \x01', 'TRIG \x01 \x01 \x01 \x01 \x01 \x01 \x01 \x01']
[DEBUG] system_data = {'stage': 'connected', 'mode': 'TEST', 'conn': [True, True, True, True, False, False, False, False], 'trig': [False, False, False, False, False, False, False, False], 'avgTemp': 29.725}
[DEBUG] Connected screen content: ['Mode: TEST     29.7C', 'CHAN 1 2 3 4 5 6 7 8', 'CONN \x00 \x00 \x00 \x00 \x01 \x01 \x01 \x01', 'TRIG \x01 \x01 \x01 \x01 \x01 \x01 \x01 \x01']
[DEBUG] system_data = {'stage': 'connected', 'mode': 'TEST', 'conn': [True, True, True, True, False, False, False, False], 'trig': [False, False, False, False, False, False, False, False], 'avgTemp': 29.725}
[DEBUG] Connected screen content: ['Mode: TEST     29.7C', 'CHAN 1 2 3 4 5 6 7 8', 'CONN \x00 \x00 \x00 \x00 \x01 \x01 \x01 \x01', 'TRIG \x01 \x01 \x01 \x01 \x01 \x01 \x01 \x01']
[DEBUG] system_data = {'stage': 'connected', 'mode': 'TEST', 'conn': [True, True, True, True, False, False, False, False], 'trig': [False, False, False, False, False, False, False, False], 'avgTemp': 29.725}
[DEBUG] Connected screen content: ['Mode: TEST     29.7C', 'CHAN 1 2 3 4 5 6 7 8', 'CONN \x00 \x00 \x00 \x00 \x01 \x01 \x01 \x01', 'TRIG \x01 \x01 \x01 \x01 \x01 \x01 \x01 \x01']
[DEBUG] system_data = {'stage': 'connected', 'mode': 'TEST', 'conn': [True, True, True, True, False, False, False, False], 'trig': [False, False, False, False, False, False, False, False], 'avgTemp': 29.725}
[DEBUG] Connected screen content: ['Mode: TEST     29.7C', 'CHAN 1 2 3 4 5 6 7 8', 'CONN \x00 \x00 \x00 \x00 \x01 \x01 \x01 \x01', 'TRIG \x01 \x01 \x01 \x01 \x01 \x01 \x01 \x01']
[DEBUG] system_data = {'stage': 'connected', 'mode': 'TEST', 'conn': [True, True, True, True, False, False, False, False], 'trig': [False, False, False, False, False, False, False, False], 'avgTemp': 29.725}
[DEBUG] Connected screen content: ['Mode: TEST     29.7C', 'CHAN 1 2 3 4 5 6 7 8', 'CONN \x00 \x00 \x00 \x00 \x01 \x01 \x01 \x01', 'TRIG \x01 \x01 \x01 \x01 \x01 \x01 \x01 \x01']
[DEBUG] system_data = {'stage': 'connected', 'mode': 'TEST', 'conn': [False, True, True, True, False, False, False, False], 'trig': [False, False, False, False, False, False, False, False], 'avgTemp': 30.1625}
[DEBUG] Connected screen content: ['Mode: TEST     30.2C', 'CHAN 1 2 3 4 5 6 7 8', 'CONN \x01 \x00 \x00 \x00 \x01 \x01 \x01 \x01', 'TRIG \x01 \x01 \x01 \x01 \x01 \x01 \x01 \x01']
[DEBUG] system_data = {'stage': 'connected', 'mode': 'TEST', 'conn': [False, True, True, True, False, False, False, False], 'trig': [False, False, False, False, False, False, False, False], 'avgTemp': 30.1625}
[DEBUG] Connected screen content: ['Mode: TEST     30.2C', 'CHAN 1 2 3 4 5 6 7 8', 'CONN \x01 \x00 \x00 \x00 \x01 \x01 \x01 \x01', 'TRIG \x01 \x01 \x01 \x01 \x01 \x01 \x01 \x01']
[DEBUG] system_data = {'stage': 'connected', 'mode': 'TEST', 'conn': [False, True, True, True, False, False, False, False], 'trig': [False, False, False, False, False, False, False, False], 'avgTemp': 30.1625}
[DEBUG] Connected screen content: ['Mode: TEST     30.2C', 'CHAN 1 2 3 4 5 6 7 8', 'CONN \x01 \x00 \x00 \x00 \x01 \x01 \x01 \x01', 'TRIG \x01 \x01 \x01 \x01 \x01 \x01 \x01 \x01']
[DEBUG] system_data = {'stage': 'connected', 'mode': 'TEST', 'conn': [True, True, True, True, False, False, False, False], 'trig': [False, False, False, False, False, False, False, False], 'avgTemp': 30.0375}
[DEBUG] Connected screen content: ['Mode: TEST     30.0C', 'CHAN 1 2 3 4 5 6 7 8', 'CONN \x00 \x00 \x00 \x00 \x01 \x01 \x01 \x01', 'TRIG \x01 \x01 \x01 \x01 \x01 \x01 \x01 \x01']
[DEBUG] system_data = {'stage': 'connected', 'mode': 'TEST', 'conn': [True, True, True, True, False, False, False, False], 'trig': [False, False, False, False, False, False, False, False], 'avgTemp': 30.0375}
[DEBUG] Connected screen content: ['Mode: TEST     30.0C', 'CHAN 1 2 3 4 5 6 7 8', 'CONN \x00 \x00 \x00 \x00 \x01 \x01 \x01 \x01', 'TRIG \x01 \x01 \x01 \x01 \x01 \x01 \x01 \x01']
[DEBUG] system_data = {'stage': 'connected', 'mode': 'TEST', 'conn': [True, True, True, True, False, False, False, False], 'trig': [False, False, False, False, False, False, False, False], 'avgTemp': 30.0375}
[DEBUG] Connected screen content: ['Mode: TEST     30.0C', 'CHAN 1 2 3 4 5 6 7 8', 'CONN \x00 \x00 \x00 \x00 \x01 \x01 \x01 \x01', 'TRIG \x01 \x01 \x01 \x01 \x01 \x01 \x01 \x01']
[DEBUG] system_data = {'stage': 'connected', 'mode': 'TEST', 'conn': [True, True, True, True, False, False, False, False], 'trig': [False, False, False, False, False, False, False, False], 'avgTemp': 30.0375}
[DEBUG] Connected screen content: ['Mode: TEST     30.0C', 'CHAN 1 2 3 4 5 6 7 8', 'CONN \x00 \x00 \x00 \x00 \x01 \x01 \x01 \x01', 'TRIG \x01 \x01 \x01 \x01 \x01 \x01 \x01 \x01']
[DEBUG] system_data = {'stage': 'connected', 'mode': 'TEST', 'conn': [True, True, True, True, False, False, False, False], 'trig': [False, False, False, False, False, False, False, False], 'avgTemp': 30.0375}
[DEBUG] Connected screen content: ['Mode: TEST     30.0C', 'CHAN 1 2 3 4 5 6 7 8', 'CONN \x00 \x00 \x00 \x00 \x01 \x01 \x01 \x01', 'TRIG \x01 \x01 \x01 \x01 \x01 \x01 \x01 \x01']
[DEBUG] system_data = {'stage': 'connected', 'mode': 'TEST', 'conn': [True, True, True, True, False, False, False, False], 'trig': [False, False, False, False, False, False, False, False], 'avgTemp': 30.0375}
[DEBUG] Connected screen content: ['Mode: TEST     30.0C', 'CHAN 1 2 3 4 5 6 7 8', 'CONN \x00 \x00 \x00 \x00 \x01 \x01 \x01 \x01', 'TRIG \x01 \x01 \x01 \x01 \x01 \x01 \x01 \x01']
[DEBUG] system_data = {'stage': 'connected', 'mode': 'TEST', 'conn': [True, True, True, True, False, False, False, False], 'trig': [False, False, False, False, False, False, False, False], 'avgTemp': 30.0375}
[DEBUG] Connected screen content: ['Mode: TEST     30.0C', 'CHAN 1 2 3 4 5 6 7 8', 'CONN \x00 \x00 \x00 \x00 \x01 \x01 \x01 \x01', 'TRIG \x01 \x01 \x01 \x01 \x01 \x01 \x01 \x01']
[DEBUG] system_data = {'stage': 'connected', 'mode': 'TEST', 'conn': [True, True, True, True, False, False, False, False], 'trig': [False, False, False, False, False, False, False, False], 'avgTemp': 30.0375}
[DEBUG] Connected screen content: ['Mode: TEST     30.0C', 'CHAN 1 2 3 4 5 6 7 8', 'CONN \x00 \x00 \x00 \x00 \x01 \x01 \x01 \x01', 'TRIG \x01 \x01 \x01 \x01 \x01 \x01 \x01 \x01']
[DEBUG] system_data = {'stage': 'connected', 'mode': 'TEST', 'conn': [True, True, True, True, False, False, False, False], 'trig': [False, False, False, False, False, False, False, False], 'avgTemp': 30.0375}
[DEBUG] Connected screen content: ['Mode: TEST     30.0C', 'CHAN 1 2 3 4 5 6 7 8', 'CONN \x00 \x00 \x00 \x00 \x01 \x01 \x01 \x01', 'TRIG \x01 \x01 \x01 \x01 \x01 \x01 \x01 \x01']
[DEBUG] system_data = {'stage': 'connected', 'mode': 'TEST', 'conn': [True, True, True, True, False, False, False, False], 'trig': [False, False, False, False, False, False, False, False], 'avgTemp': 30.0375}
[DEBUG] Connected screen content: ['Mode: TEST     30.0C', 'CHAN 1 2 3 4 5 6 7 8', 'CONN \x00 \x00 \x00 \x00 \x01 \x01 \x01 \x01', 'TRIG \x01 \x01 \x01 \x01 \x01 \x01 \x01 \x01']
[DEBUG] system_data = {'stage': 'connected', 'mode': 'TEST', 'conn': [True, True, True, True, False, False, False, False], 'trig': [False, False, False, False, False, False, False, False], 'avgTemp': 30.0375}
[DEBUG] Connected screen content: ['Mode: TEST     30.0C', 'CHAN 1 2 3 4 5 6 7 8', 'CONN \x00 \x00 \x00 \x00 \x01 \x01 \x01 \x01', 'TRIG \x01 \x01 \x01 \x01 \x01 \x01 \x01 \x01']
[DEBUG] system_data = {'stage': 'connected', 'mode': 'TEST', 'conn': [True, True, True, True, False, False, False, False], 'trig': [False, False, False, False, False, False, False, False], 'avgTemp': 30.0375}
[DEBUG] Connected screen content: ['Mode: TEST     30.0C', 'CHAN 1 2 3 4 5 6 7 8', 'CONN \x00 \x00 \x00 \x00 \x01 \x01 \x01 \x01', 'TRIG \x01 \x01 \x01 \x01 \x01 \x01 \x01 \x01']
[DEBUG] system_data = {'stage': 'connected', 'mode': 'TEST', 'conn': [True, True, True, True, False, False, False, False], 'trig': [False, False, False, False, False, False, False, False], 'avgTemp': 30.0375}
[DEBUG] Connected screen content: ['Mode: TEST     30.0C', 'CHAN 1 2 3 4 5 6 7 8', 'CONN \x00 \x00 \x00 \x00 \x01 \x01 \x01 \x01', 'TRIG \x01 \x01 \x01 \x01 \x01 \x01 \x01 \x01']
[DEBUG] system_data = {'stage': 'connected', 'mode': 'TEST', 'conn': [True, True, True, True, False, False, False, False], 'trig': [False, False, False, False, False, False, False, False], 'avgTemp': 30.0375}
[DEBUG] Connected screen content: ['Mode: TEST     30.0C', 'CHAN 1 2 3 4 5 6 7 8', 'CONN \x00 \x00 \x00 \x00 \x01 \x01 \x01 \x01', 'TRIG \x01 \x01 \x01 \x01 \x01 \x01 \x01 \x01']
[DEBUG] system_data = {'stage': 'connected', 'mode': 'TEST', 'conn': [True, True, True, True, False, False, False, False], 'trig': [False, False, False, False, False, False, False, False], 'avgTemp': 30.0375}
[DEBUG] Connected screen content: ['Mode: TEST     30.0C', 'CHAN 1 2 3 4 5 6 7 8', 'CONN \x00 \x00 \x00 \x00 \x01 \x01 \x01 \x01', 'TRIG \x01 \x01 \x01 \x01 \x01 \x01 \x01 \x01']
[DEBUG] system_data = {'stage': 'connected', 'mode': 'TEST', 'conn': [True, True, True, True, False, False, False, False], 'trig': [False, False, False, False, False, False, False, False], 'avgTemp': 30.0375}
[DEBUG] Connected screen content: ['Mode: TEST     30.0C', 'CHAN 1 2 3 4 5 6 7 8', 'CONN \x00 \x00 \x00 \x00 \x01 \x01 \x01 \x01', 'TRIG \x01 \x01 \x01 \x01 \x01 \x01 \x01 \x01']
[DEBUG] system_data = {'stage': 'connected', 'mode': 'TEST', 'conn': [True, True, True, True, False, False, False, False], 'trig': [False, False, False, False, False, False, False, False], 'avgTemp': 30.0375}
[DEBUG] Connected screen content: ['Mode: TEST     30.0C', 'CHAN 1 2 3 4 5 6 7 8', 'CONN \x00 \x00 \x00 \x00 \x01 \x01 \x01 \x01', 'TRIG \x01 \x01 \x01 \x01 \x01 \x01 \x01 \x01']
[DEBUG] system_data = {'stage': 'connected', 'mode': 'TEST', 'conn': [True, True, True, True, False, False, False, False], 'trig': [False, False, False, False, False, False, False, False], 'avgTemp': 30.0375}
[DEBUG] Connected screen content: ['Mode: TEST     30.0C', 'CHAN 1 2 3 4 5 6 7 8', 'CONN \x00 \x00 \x00 \x00 \x01 \x01 \x01 \x01', 'TRIG \x01 \x01 \x01 \x01 \x01 \x01 \x01 \x01']
[DEBUG] system_data = {'stage': 'connected', 'mode': 'TEST', 'conn': [True, True, True, True, False, False, False, False], 'trig': [False, False, False, False, False, False, False, False], 'avgTemp': 30.0375}
[DEBUG] Connected screen content: ['Mode: TEST     30.0C', 'CHAN 1 2 3 4 5 6 7 8', 'CONN \x00 \x00 \x00 \x00 \x01 \x01 \x01 \x01', 'TRIG \x01 \x01 \x01 \x01 \x01 \x01 \x01 \x01']
[DEBUG] system_data = {'stage': 'connected', 'mode': 'BOOTING', 'conn': [False, False, False, False, False, False, False, False], 'trig': [False, False, False, False, False, False, False, False], 'avgTemp': 30.0375}
[DEBUG] Connected screen content: ['Mode: BOOTING  30.0C', 'CHAN 1 2 3 4 5 6 7 8', 'CONN \x01 \x01 \x01 \x01 \x01 \x01 \x01 \x01', 'TRIG \x01 \x01 \x01 \x01 \x01 \x01 \x01 \x01']
[DEBUG] system_data = {'stage': 'connected', 'mode': 'BOOTING', 'conn': [False, False, False, False, False, False, False, False], 'trig': [False, False, False, False, False, False, False, False], 'avgTemp': 30.0375}
[DEBUG] Connected screen content: ['Mode: BOOTING  30.0C', 'CHAN 1 2 3 4 5 6 7 8', 'CONN \x01 \x01 \x01 \x01 \x01 \x01 \x01 \x01', 'TRIG \x01 \x01 \x01 \x01 \x01 \x01 \x01 \x01']
[DEBUG] system_data = {'stage': 'connected', 'mode': 'BOOTING', 'conn': [False, False, False, False, False, False, False, False], 'trig': [False, False, False, False, False, False, False, False], 'avgTemp': 30.0375}
[DEBUG] Connected screen content: ['Mode: BOOTING  30.0C', 'CHAN 1 2 3 4 5 6 7 8', 'CONN \x01 \x01 \x01 \x01 \x01 \x01 \x01 \x01', 'TRIG \x01 \x01 \x01 \x01 \x01 \x01 \x01 \x01']
[DEBUG] system_data = {'stage': 'connected', 'mode': 'BOOTING', 'conn': [False, False, False, False, False, False, False, False], 'trig': [False, False, False, False, False, False, False, False], 'avgTemp': 30.0375}
[DEBUG] Connected screen content: ['Mode: BOOTING  30.0C', 'CHAN 1 2 3 4 5 6 7 8', 'CONN \x01 \x01 \x01 \x01 \x01 \x01 \x01 \x01', 'TRIG \x01 \x01 \x01 \x01 \x01 \x01 \x01 \x01']
[DEBUG] system_data = {'stage': 'connected', 'mode': 'BOOTING', 'conn': [False, False, False, False, False, False, False, False], 'trig': [False, False, False, False, False, False, False, False], 'avgTemp': 30.0375}
[DEBUG] Connected screen content: ['Mode: BOOTING  30.0C', 'CHAN 1 2 3 4 5 6 7 8', 'CONN \x01 \x01 \x01 \x01 \x01 \x01 \x01 \x01', 'TRIG \x01 \x01 \x01 \x01 \x01 \x01 \x01 \x01']
[DEBUG] system_data = {'stage': 'connected', 'mode': 'BOOTING', 'conn': [False, False, False, False, False, False, False, False], 'trig': [False, False, False, False, False, False, False, False], 'avgTemp': 30.0375}
[DEBUG] Connected screen content: ['Mode: BOOTING  30.0C', 'CHAN 1 2 3 4 5 6 7 8', 'CONN \x01 \x01 \x01 \x01 \x01 \x01 \x01 \x01', 'TRIG \x01 \x01 \x01 \x01 \x01 \x01 \x01 \x01']
[DEBUG] system_data = {'stage': 'connected', 'mode': 'BOOTING', 'conn': [False, False, False, False, False, False, False, False], 'trig': [False, False, False, False, False, False, False, False], 'avgTemp': 30.0375}
[DEBUG] Connected screen content: ['Mode: BOOTING  30.0C', 'CHAN 1 2 3 4 5 6 7 8', 'CONN \x01 \x01 \x01 \x01 \x01 \x01 \x01 \x01', 'TRIG \x01 \x01 \x01 \x01 \x01 \x01 \x01 \x01']
[DEBUG] system_data = {'stage': 'connected', 'mode': 'BOOTING', 'conn': [False, False, False, False, False, False, False, False], 'trig': [False, False, False, False, False, False, False, False], 'avgTemp': 30.0375}
[DEBUG] Connected screen content: ['Mode: BOOTING  30.0C', 'CHAN 1 2 3 4 5 6 7 8', 'CONN \x01 \x01 \x01 \x01 \x01 \x01 \x01 \x01', 'TRIG \x01 \x01 \x01 \x01 \x01 \x01 \x01 \x01']
[DEBUG] system_data = {'stage': 'connected', 'mode': 'BOOTING', 'conn': [False, False, False, False, False, False, False, False], 'trig': [False, False, False, False, False, False, False, False], 'avgTemp': 30.0375}
[DEBUG] Connected screen content: ['Mode: BOOTING  30.0C', 'CHAN 1 2 3 4 5 6 7 8', 'CONN \x01 \x01 \x01 \x01 \x01 \x01 \x01 \x01', 'TRIG \x01 \x01 \x01 \x01 \x01 \x01 \x01 \x01']
[DEBUG] system_data = {'stage': 'connected', 'mode': 'BOOTING', 'conn': [False, False, False, False, False, False, False, False], 'trig': [False, False, False, False, False, False, False, False], 'avgTemp': 30.0375}
[DEBUG] Connected screen content: ['Mode: BOOTING  30.0C', 'CHAN 1 2 3 4 5 6 7 8', 'CONN \x01 \x01 \x01 \x01 \x01 \x01 \x01 \x01', 'TRIG \x01 \x01 \x01 \x01 \x01 \x01 \x01 \x01']
[DEBUG] system_data = {'stage': 'connected', 'mode': 'BOOTING', 'conn': [False, False, False, False, False, False, False, False], 'trig': [False, False, False, False, False, False, False, False], 'avgTemp': 30.0375}
[DEBUG] Connected screen content: ['Mode: BOOTING  30.0C', 'CHAN 1 2 3 4 5 6 7 8', 'CONN \x01 \x01 \x01 \x01 \x01 \x01 \x01 \x01', 'TRIG \x01 \x01 \x01 \x01 \x01 \x01 \x01 \x01']
[DEBUG] system_data = {'stage': 'connected', 'mode': 'TEST', 'conn': [True, True, True, False, False, False, False, False], 'trig': [False, False, False, False, False, False, False, False], 'avgTemp': 29.7125}
[DEBUG] Connected screen content: ['Mode: TEST     29.7C', 'CHAN 1 2 3 4 5 6 7 8', 'CONN \x00 \x00 \x00 \x01 \x01 \x01 \x01 \x01', 'TRIG \x01 \x01 \x01 \x01 \x01 \x01 \x01 \x01']
[DEBUG] system_data = {'stage': 'connected', 'mode': 'TEST', 'conn': [True, True, True, False, False, False, False, False], 'trig': [False, False, False, False, False, False, False, False], 'avgTemp': 29.7125}
[DEBUG] Connected screen content: ['Mode: TEST     29.7C', 'CHAN 1 2 3 4 5 6 7 8', 'CONN \x00 \x00 \x00 \x01 \x01 \x01 \x01 \x01', 'TRIG \x01 \x01 \x01 \x01 \x01 \x01 \x01 \x01']
[DEBUG] system_data = {'stage': 'connected', 'mode': 'BOOTING', 'conn': [False, False, False, False, False, False, False, False], 'trig': [False, False, False, False, False, False, False, False], 'avgTemp': 29.7125}
[DEBUG] Connected screen content: ['Mode: BOOTING  29.7C', 'CHAN 1 2 3 4 5 6 7 8', 'CONN \x01 \x01 \x01 \x01 \x01 \x01 \x01 \x01', 'TRIG \x01 \x01 \x01 \x01 \x01 \x01 \x01 \x01']
[DEBUG] system_data = {'stage': 'connected', 'mode': 'BOOTING', 'conn': [False, False, False, False, False, False, False, False], 'trig': [False, False, False, False, False, False, False, False], 'avgTemp': 29.7125}
[DEBUG] Connected screen content: ['Mode: BOOTING  29.7C', 'CHAN 1 2 3 4 5 6 7 8', 'CONN \x01 \x01 \x01 \x01 \x01 \x01 \x01 \x01', 'TRIG \x01 \x01 \x01 \x01 \x01 \x01 \x01 \x01']
[DEBUG] system_data = {'stage': 'connected', 'mode': 'BOOTING', 'conn': [False, False, False, False, False, False, False, False], 'trig': [False, False, False, False, False, False, False, False], 'avgTemp': 29.7125}
[DEBUG] Connected screen content: ['Mode: BOOTING  29.7C', 'CHAN 1 2 3 4 5 6 7 8', 'CONN \x01 \x01 \x01 \x01 \x01 \x01 \x01 \x01', 'TRIG \x01 \x01 \x01 \x01 \x01 \x01 \x01 \x01']
[DEBUG] system_data = {'stage': 'connected', 'mode': 'BOOTING', 'conn': [False, False, False, False, False, False, False, False], 'trig': [False, False, False, False, False, False, False, False], 'avgTemp': 29.7125}
[DEBUG] Connected screen content: ['Mode: BOOTING  29.7C', 'CHAN 1 2 3 4 5 6 7 8', 'CONN \x01 \x01 \x01 \x01 \x01 \x01 \x01 \x01', 'TRIG \x01 \x01 \x01 \x01 \x01 \x01 \x01 \x01']
